<?xml version="1.0" encoding="UTF-8"?>
<testsuite name="StoreTest" tests="8" skipped="0" failures="0" errors="0" timestamp="2015-09-04T23:26:42" hostname="localhost" time="0.305">
  <properties/>
  <testcase name="delete_deletesAllStoresAndListAssociation" classname="StoreTest" time="0.064"/>
  <testcase name="update_changesStoreNameAndEnrollmentInDatabase_true" classname="StoreTest" time="0.054"/>
  <testcase name="addBrand_addsBrandToStore" classname="StoreTest" time="0.055"/>
  <testcase name="find_findsStoreInDatabase_true" classname="StoreTest" time="0.029"/>
  <testcase name="all_emptyAtFirst" classname="StoreTest" time="0.021"/>
  <testcase name="save_savesIntoDatabase_true" classname="StoreTest" time="0.027"/>
  <testcase name="getStores_returnsAllBrands_ArrayList" classname="StoreTest" time="0.046"/>
  <testcase name="equals_returnTrueIfStoresAreTheSame" classname="StoreTest" time="0.008"/>
  <system-out><![CDATA[]]></system-out>
  <system-err><![CDATA[]]></system-err>
</testsuite>
