<?xml version="1.0" encoding="UTF-8"?>
<testsuite name="BrandTest" tests="7" skipped="0" failures="0" errors="0" timestamp="2015-09-04T23:26:41" hostname="localhost" time="0.214">
  <properties/>
  <testcase name="update_updatesBrandNameInDatabase_true" classname="BrandTest" time="0.043"/>
  <testcase name="equals_returnsTrueIfBrandsAreTheSame" classname="BrandTest" time="0.009"/>
  <testcase name="save_savesBrandIntoDatabase_true" classname="BrandTest" time="0.026"/>
  <testcase name="all_emptyAtFirst" classname="BrandTest" time="0.017"/>
  <testcase name="find_findsBrandInDatabase_true" classname="BrandTest" time="0.027"/>
  <testcase name="delete_deletesBrandsAndListAssociations" classname="BrandTest" time="0.057"/>
  <testcase name="getStores_returnsAllStores_List" classname="BrandTest" time="0.033"/>
  <system-out><![CDATA[]]></system-out>
  <system-err><![CDATA[]]></system-err>
</testsuite>
